/Users/pdhanushadithyan/Library/Python/3.9/lib/python/site-packages/urllib3/__init__.py:35: NotOpenSSLWarning: urllib3 v2 only supports OpenSSL 1.1.1+, currently the 'ssl' module is compiled with 'LibreSSL 2.8.3'. See: https://github.com/urllib3/urllib3/issues/3020
  warnings.warn(
Flare Class: M2.3, Start Time: 2024-12-04T09:52Z
Flare Class: M1.3, Start Time: 2024-12-04T20:31Z
Flare Class: M1.4, Start Time: 2024-12-04T20:57Z
Flare Class: M1.0, Start Time: 2024-12-05T06:56Z
Flare Class: M1.1, Start Time: 2024-12-05T08:12Z
Flare Class: M2.5, Start Time: 2024-12-05T10:32Z
Flare Class: M1.4, Start Time: 2024-12-06T09:06Z
Flare Class: M2.3, Start Time: 2024-12-07T13:00Z
Flare Class: M3.2, Start Time: 2024-12-07T21:53Z
Flare Class: X2.2, Start Time: 2024-12-08T08:50Z
Flare Class: M1.5, Start Time: 2024-12-08T16:00Z
Flare Class: C9.7, Start Time: 2024-12-10T03:12Z
Flare Class: M6.4, Start Time: 2024-12-10T06:36Z
Flare Class: M1.4, Start Time: 2024-12-10T07:03Z
Flare Class: M1.5, Start Time: 2024-12-10T10:55Z
Flare Class: C2.8, Start Time: 2024-12-10T14:36Z
Flare Class: M1.6, Start Time: 2024-12-10T17:54Z
Flare Class: M1.9, Start Time: 2024-12-11T05:54Z
Flare Class: M2.7, Start Time: 2024-12-11T10:03Z
Flare Class: M6.7, Start Time: 2024-12-11T15:32Z
Flare Class: M2.2, Start Time: 2024-12-12T17:31Z
Flare Class: M1.6, Start Time: 2024-12-12T20:58Z
Flare Class: C2.1, Start Time: 2024-12-13T02:21Z
Flare Class: M1.0, Start Time: 2024-12-13T03:11Z
Flare Class: M2.0, Start Time: 2024-12-13T11:13Z
Flare Class: M1.0, Start Time: 2024-12-13T14:15Z
